2020-08-21 12:13:11 INFO: Opened GUI application.
2020-08-21 12:13:13 INFO: Edited color config: {'bg': self.newcolor, 'fg': self.fgcolor}.
2020-08-21 12:13:13 INFO: Getting car name: 2018 Audi Q5
2020-08-21 12:13:13 INFO: Getting car name: 2020 Tesla Model 3
2020-08-21 12:13:13 INFO: Getting odometer: 7884
2020-08-21 12:13:27 INFO: Opened GUI application.
2020-08-21 12:13:29 INFO: Edited color config: {'bg': self.newcolor, 'fg': self.fgcolor}.
2020-08-21 12:13:31 INFO: Getting car name: 2018 Audi Q5
2020-08-21 12:13:31 INFO: Getting car name: 2020 Tesla Model 3
2020-08-21 12:13:31 INFO: Getting odometer: 7884
2020-08-21 12:14:54 INFO: Opened GUI application.
2020-08-21 12:14:56 INFO: Edited color config: {'bg': #f2fffe, 'fg': #0d0001}.
2020-08-21 12:14:57 INFO: Getting car name: 2018 Audi Q5
2020-08-21 12:14:57 INFO: Getting car name: 2020 Tesla Model 3
2020-08-21 12:14:57 INFO: Getting odometer: 7884
2020-08-21 12:15:24 INFO: Opened GUI application.
2020-08-21 12:15:31 INFO: Getting car name: 2018 Audi Q5
2020-08-21 12:15:31 INFO: Getting car name: 2020 Tesla Model 3
2020-08-21 12:15:31 INFO: Getting odometer: 7884
2020-08-21 13:19:01 INFO: Opened GUI application.
2020-08-21 13:19:02 INFO: Getting car name: 2018 Audi Q5
2020-08-21 13:19:02 INFO: Getting car name: 2020 Tesla Model 3
2020-08-21 13:19:02 INFO: Getting odometer: 7884
2020-08-21 13:19:18 INFO: Opened GUI application.
2020-08-21 13:19:22 INFO: Getting car name: 2018 Audi Q5
2020-08-21 13:19:22 INFO: Getting car name: 2020 Tesla Model 3
2020-08-21 13:19:22 INFO: Getting odometer: 7884
2020-08-21 13:20:06 INFO: Opened GUI application.
2020-08-21 13:20:18 INFO: Getting car name: 2018 Audi Q5
2020-08-21 13:20:18 INFO: Getting car name: 2020 Tesla Model 3
2020-08-21 13:20:18 INFO: Getting odometer: 7884
2020-08-21 13:20:26 INFO: Opened GUI application.
2020-08-21 13:20:41 INFO: Opened GUI application.
2020-08-21 13:20:48 INFO: Getting car name: 2018 Audi Q5
2020-08-21 13:20:49 INFO: Getting car name: 2020 Tesla Model 3
2020-08-21 13:20:49 INFO: Getting odometer: 7884
2020-08-21 13:20:54 INFO: Opened GUI application.
2020-08-21 13:21:06 INFO: Getting car name: 2018 Audi Q5
2020-08-21 13:21:06 INFO: Getting car name: 2020 Tesla Model 3
2020-08-21 13:21:06 INFO: Getting odometer: 7884
2020-08-21 13:21:30 INFO: Opened GUI application.
2020-08-21 13:21:33 INFO: Edited color config: {'bg': #f2fffe, 'fg': #0d0001}.
2020-08-21 13:21:45 INFO: Getting car name: 2018 Audi Q5
2020-08-21 13:21:45 INFO: Getting car name: 2020 Tesla Model 3
2020-08-21 13:21:45 INFO: Getting odometer: 7884
2020-08-21 13:21:49 INFO: Opened GUI application.
2020-08-21 13:21:52 INFO: Edited color config: {'bg': #f2fffe, 'fg': #0d0001}.
2020-08-21 13:22:35 INFO: Opened GUI application.
2020-08-21 13:23:02 INFO: Getting car name: 2018 Audi Q5
2020-08-21 13:23:02 INFO: Getting car name: 2020 Tesla Model 3
2020-08-21 13:23:02 INFO: Getting odometer: 7884
2020-08-21 13:23:05 INFO: Opened GUI application.
2020-08-21 13:23:09 INFO: Edited color config: {'bg': #f2fffe, 'fg': #0d0001}.
2020-08-21 13:23:16 INFO: Getting car name: 2018 Audi Q5
2020-08-21 13:23:16 INFO: Getting car name: 2020 Tesla Model 3
2020-08-21 13:23:16 INFO: Getting odometer: 7884
2020-08-21 13:24:00 INFO: Opened GUI application.
2020-08-21 13:24:04 INFO: Getting car name: 2018 Audi Q5
2020-08-21 13:24:04 INFO: Getting car name: 2020 Tesla Model 3
2020-08-21 13:24:04 INFO: Getting odometer: 7884
2020-08-21 13:24:18 INFO: Opened GUI application.
2020-08-21 13:24:39 INFO: Getting car name: 2018 Audi Q5
2020-08-21 13:24:39 INFO: Getting car name: 2020 Tesla Model 3
2020-08-21 13:24:39 INFO: Getting odometer: 7884
2020-08-21 13:24:52 INFO: Opened GUI application.
2020-08-21 13:24:57 INFO: Edited color config: {'bg': #f2fffe, 'fg': #0d0001}.
2020-08-21 13:25:17 INFO: Getting car name: 2018 Audi Q5
2020-08-21 13:25:17 INFO: Getting car name: 2020 Tesla Model 3
2020-08-21 13:25:17 INFO: Getting odometer: 7884
2020-08-21 13:26:22 INFO: Opened GUI application.
2020-08-21 13:26:43 INFO: Opened GUI application.
2020-08-21 13:27:27 INFO: Edited color config: #ecfffd.
2020-08-21 13:27:32 INFO: Edited color config: #ecfffd.
2020-08-21 13:27:34 INFO: Edited color config: #ecfffd.
2020-08-21 13:27:39 INFO: Getting car name: 2018 Audi Q5
2020-08-21 13:27:39 INFO: Getting car name: 2020 Tesla Model 3
2020-08-21 13:27:39 INFO: Getting odometer: 7884
2020-08-21 13:30:48 INFO: Opened GUI application.
2020-08-21 13:31:03 INFO: Getting car name: 2018 Audi Q5
2020-08-21 13:31:03 INFO: Getting car name: 2020 Tesla Model 3
2020-08-21 13:31:03 INFO: Getting odometer: 7884
2020-08-21 13:32:19 INFO: Opened GUI application.
2020-08-21 13:32:22 INFO: Getting car name: 2018 Audi Q5
2020-08-21 13:32:22 INFO: Getting car name: 2020 Tesla Model 3
2020-08-21 13:32:22 INFO: Getting odometer: 7884
2020-08-21 13:32:29 INFO: Opened GUI application.
2020-08-21 13:32:55 INFO: Getting car name: 2018 Audi Q5
2020-08-21 13:32:55 INFO: Getting car name: 2020 Tesla Model 3
2020-08-21 13:32:55 INFO: Getting odometer: 7884
2020-08-21 13:33:16 INFO: Opened GUI application.
2020-08-21 13:33:19 INFO: Getting car name: 2018 Audi Q5
2020-08-21 13:33:19 INFO: Getting car name: 2020 Tesla Model 3
2020-08-21 13:33:19 INFO: Getting odometer: 7884
2020-08-21 13:33:27 INFO: Opened GUI application.
2020-08-21 13:33:32 INFO: Getting car name: 2018 Audi Q5
2020-08-21 13:33:32 INFO: Getting car name: 2020 Tesla Model 3
2020-08-21 13:33:32 INFO: Getting odometer: 7884
2020-08-21 13:33:39 INFO: Opened GUI application.
2020-08-21 13:33:47 INFO: Getting car name: 2018 Audi Q5
2020-08-21 13:33:47 INFO: Getting car name: 2020 Tesla Model 3
2020-08-21 13:33:47 INFO: Getting odometer: 7884
2020-08-21 13:34:18 INFO: Opened GUI application.
2020-08-21 13:34:29 INFO: Getting car name: 2018 Audi Q5
2020-08-21 13:34:29 INFO: Getting car name: 2020 Tesla Model 3
2020-08-21 13:34:29 INFO: Getting odometer: 7884
2020-08-21 13:34:34 INFO: Opened GUI application.
2020-08-21 13:34:44 INFO: Getting car name: 2018 Audi Q5
2020-08-21 13:34:44 INFO: Getting car name: 2020 Tesla Model 3
2020-08-21 13:34:44 INFO: Getting odometer: 7884
2020-08-21 13:35:30 INFO: Opened GUI application.
2020-08-21 13:35:36 INFO: Getting car name: 2018 Audi Q5
2020-08-21 13:35:36 INFO: Getting car name: 2020 Tesla Model 3
2020-08-21 13:35:36 INFO: Getting odometer: 7884
2020-08-21 13:35:47 INFO: Opened GUI application.
2020-08-21 13:36:08 INFO: Opened GUI application.
2020-08-21 13:36:21 INFO: Getting car name: 2018 Audi Q5
2020-08-21 13:36:21 INFO: Getting car name: 2020 Tesla Model 3
2020-08-21 13:36:21 INFO: Getting odometer: 7884
2020-08-21 13:37:03 INFO: Opened GUI application.
2020-08-21 13:37:08 INFO: Getting car name: 2018 Audi Q5
2020-08-21 13:37:08 INFO: Getting car name: 2020 Tesla Model 3
2020-08-21 13:37:08 INFO: Getting odometer: 7884
2020-08-21 13:38:13 INFO: Opened GUI application.
2020-08-21 13:38:18 INFO: Getting car name: 2018 Audi Q5
2020-08-21 13:38:18 INFO: Getting car name: 2020 Tesla Model 3
2020-08-21 13:38:18 INFO: Getting odometer: 7884
2020-08-21 13:38:32 INFO: Opened GUI application.
2020-08-21 13:38:38 INFO: Getting car name: 2018 Audi Q5
2020-08-21 13:38:38 INFO: Getting car name: 2020 Tesla Model 3
2020-08-21 13:38:38 INFO: Getting odometer: 7884
2020-08-21 13:39:10 INFO: Opened GUI application.
2020-08-21 13:39:21 INFO: Opened GUI application.
2020-08-21 13:39:41 INFO: Getting car name: 2018 Audi Q5
2020-08-21 13:39:41 INFO: Getting car name: 2020 Tesla Model 3
2020-08-21 13:39:41 INFO: Getting odometer: 7884
2020-08-21 13:40:26 INFO: Opened GUI application.
2020-08-21 13:40:29 INFO: Getting car name: 2005 D D
2020-08-21 13:40:33 INFO: Successfuly create car '2005 D D'.
2020-08-21 13:40:35 INFO: Getting car name: 2018 Audi Q5
2020-08-21 13:40:35 INFO: Getting car name: 2020 Tesla Model 3
2020-08-21 13:40:35 INFO: Getting odometer: 7884
2020-08-21 13:42:31 INFO: Opened GUI application.
2020-08-21 13:42:52 INFO: Opened GUI application.
2020-08-21 13:43:08 INFO: Getting car name: 2018 Audi Q5
2020-08-21 13:43:09 INFO: Getting car name: 2020 Tesla Model 3
2020-08-21 13:43:09 INFO: Getting odometer: 7884
2020-08-21 13:43:31 INFO: Opened GUI application.
2020-08-21 13:43:46 INFO: Getting car name: 2018 Audi Q5
2020-08-21 13:43:46 INFO: Getting car name: 2020 Tesla Model 3
2020-08-21 13:43:46 INFO: Getting odometer: 7884
2020-08-21 13:43:54 INFO: Opened GUI application.
2020-08-21 13:44:00 INFO: Getting car name: 2018 Audi Q5
2020-08-21 13:44:00 INFO: Getting car name: 2020 Tesla Model 3
2020-08-21 13:44:00 INFO: Getting odometer: 7884
2020-08-21 13:44:56 INFO: Opened GUI application.
2020-08-21 13:45:01 WARNING: No input of username.
2020-08-21 13:45:03 WARNING: No input of username.
2020-08-21 13:45:04 WARNING: No input of username.
2020-08-21 13:45:07 INFO: Getting car name: 2018 Audi Q5
2020-08-21 13:45:07 INFO: Getting car name: 2020 Tesla Model 3
2020-08-21 13:45:07 INFO: Getting odometer: 7884
2020-08-21 13:46:07 INFO: Opened GUI application.
2020-08-21 13:46:11 INFO: Getting car name: 2018 Audi Q5
2020-08-21 13:46:11 INFO: Getting car name: 2020 Tesla Model 3
2020-08-21 13:46:11 INFO: Getting odometer: 7884
2020-08-21 13:47:07 INFO: Opened GUI application.
2020-08-21 13:47:08 INFO: Getting car name: 2018 Audi Q5
2020-08-21 13:47:08 INFO: Getting car name: 2020 Tesla Model 3
2020-08-21 13:47:09 INFO: Getting odometer: 7884
2020-08-21 13:49:59 INFO: Opened GUI application.
2020-08-21 13:50:00 INFO: Getting car name: 2018 Audi Q5
2020-08-21 13:50:00 INFO: Getting car name: 2020 Tesla Model 3
2020-08-21 13:50:00 INFO: Getting odometer: 7884
2020-08-21 13:50:40 INFO: Opened GUI application.
2020-08-21 13:50:41 INFO: Getting car name: 2018 Audi Q5
2020-08-21 13:50:41 INFO: Getting car name: 2020 Tesla Model 3
2020-08-21 13:50:42 INFO: Getting odometer: 7884
2020-08-21 13:51:19 INFO: Opened GUI application.
2020-08-21 13:52:09 INFO: Opened GUI application.
2020-08-21 13:52:30 INFO: Opened GUI application.
2020-08-21 13:52:31 INFO: Getting car name: 2018 Audi Q5
2020-08-21 13:52:31 INFO: Getting car name: 2020 Tesla Model 3
2020-08-21 13:52:31 INFO: Getting odometer: 7884
2020-08-21 13:52:46 INFO: Opened GUI application.
2020-08-21 13:52:47 INFO: Getting car name: 2018 Audi Q5
2020-08-21 13:52:47 INFO: Getting car name: 2020 Tesla Model 3
2020-08-21 13:52:47 INFO: Getting odometer: 7884
2020-08-21 13:53:39 INFO: Opened GUI application.
2020-08-21 13:53:42 INFO: Getting car name: 2018 Audi Q5
2020-08-21 13:53:42 INFO: Getting car name: 2020 Tesla Model 3
2020-08-21 13:53:42 INFO: Getting odometer: 7884
2020-08-21 13:53:46 INFO: Opened GUI application.
2020-08-21 13:53:47 INFO: Getting car name: 2018 Audi Q5
2020-08-21 13:53:47 INFO: Getting car name: 2020 Tesla Model 3
2020-08-21 13:53:47 INFO: Getting odometer: 7884
2020-08-21 13:54:05 INFO: Opened GUI application.
2020-08-21 13:54:06 INFO: Getting car name: 2018 Audi Q5
2020-08-21 13:54:06 INFO: Getting car name: 2020 Tesla Model 3
2020-08-21 13:54:06 INFO: Getting odometer: 7884
2020-08-21 13:55:05 INFO: Opened GUI application.
2020-08-21 13:55:06 INFO: Getting car name: 2018 Audi Q5
2020-08-21 13:55:06 INFO: Getting car name: 2020 Tesla Model 3
2020-08-21 13:55:06 INFO: Getting odometer: 7884
2020-08-21 13:55:12 INFO: Opened GUI application.
2020-08-21 13:55:13 INFO: Getting car name: 2018 Audi Q5
2020-08-21 13:55:13 INFO: Getting car name: 2020 Tesla Model 3
2020-08-21 13:55:13 INFO: Getting odometer: 7884
2020-08-21 13:55:21 INFO: Opened GUI application.
2020-08-21 13:55:23 INFO: Getting car name: 2018 Audi Q5
2020-08-21 13:55:23 INFO: Getting car name: 2020 Tesla Model 3
2020-08-21 13:55:23 INFO: Getting odometer: 7884
2020-08-21 13:58:21 INFO: Opened GUI application.
2020-08-21 13:58:22 INFO: Getting car name: 2018 Audi Q5
2020-08-21 13:58:22 INFO: Getting car name: 2020 Tesla Model 3
2020-08-21 13:58:22 INFO: Getting odometer: 7884
2020-08-21 13:58:34 INFO: Opened GUI application.
2020-08-21 13:58:37 INFO: Getting car name: 2018 Audi Q5
2020-08-21 13:58:37 INFO: Getting car name: 2020 Tesla Model 3
2020-08-21 13:58:37 INFO: Getting odometer: 7884
2020-08-21 13:59:19 INFO: Opened GUI application.
2020-08-21 13:59:21 INFO: Getting car name: 2018 Audi Q5
2020-08-21 13:59:21 INFO: Getting car name: 2020 Tesla Model 3
2020-08-21 13:59:21 INFO: Getting odometer: 7884
2020-08-21 14:05:09 INFO: Opened GUI application.
2020-08-21 14:05:12 INFO: Getting car name: 2018 Audi Q5
2020-08-21 14:05:12 INFO: Getting car name: 2020 Tesla Model 3
2020-08-21 14:05:12 INFO: Getting odometer: 7884
2020-08-21 14:05:46 INFO: Opened GUI application.
2020-08-21 14:05:49 INFO: Getting car name: 2018 Audi Q5
2020-08-21 14:05:50 INFO: Getting car name: 2020 Tesla Model 3
2020-08-21 14:05:50 INFO: Getting odometer: 7884
2020-08-21 14:05:56 INFO: Opened GUI application.
2020-08-21 14:06:26 INFO: Getting car name: 2018 Audi Q5
2020-08-21 14:06:26 INFO: Getting car name: 2020 Tesla Model 3
2020-08-21 14:06:26 INFO: Getting odometer: 7884
2020-08-21 14:06:37 INFO: Opened GUI application.
2020-08-21 14:06:41 INFO: Getting car name: 2018 Audi Q5
2020-08-21 14:06:41 INFO: Getting car name: 2020 Tesla Model 3
2020-08-21 14:06:41 INFO: Getting odometer: 7884
2020-08-21 14:06:44 INFO: Opened GUI application.
2020-08-21 14:06:51 INFO: Getting car name: 2018 Audi Q5
2020-08-21 14:06:51 INFO: Getting car name: 2020 Tesla Model 3
2020-08-21 14:06:51 INFO: Getting odometer: 7884
2020-08-21 14:07:05 INFO: Opened GUI application.
2020-08-21 14:07:08 INFO: Getting car name: 2018 Audi Q5
2020-08-21 14:07:08 INFO: Getting car name: 2020 Tesla Model 3
2020-08-21 14:07:08 INFO: Getting odometer: 7884
2020-08-21 14:07:15 INFO: Opened GUI application.
2020-08-21 14:07:19 INFO: Getting car name: 2018 Audi Q5
2020-08-21 14:07:19 INFO: Getting car name: 2020 Tesla Model 3
2020-08-21 14:07:19 INFO: Getting odometer: 7884
2020-08-21 14:07:26 INFO: Opened GUI application.
2020-08-21 14:07:31 INFO: Getting car name: 2018 Audi Q5
2020-08-21 14:07:31 INFO: Getting car name: 2020 Tesla Model 3
2020-08-21 14:07:31 INFO: Getting odometer: 7884
2020-08-21 14:07:42 INFO: Opened GUI application.
2020-08-21 14:07:50 INFO: Getting car name: 2018 Audi Q5
2020-08-21 14:07:50 INFO: Getting car name: 2020 Tesla Model 3
2020-08-21 14:07:50 INFO: Getting odometer: 7884
2020-08-21 14:08:48 INFO: Opened GUI application.
2020-08-21 14:09:04 INFO: Getting car name: 2018 Audi Q5
2020-08-21 14:09:04 INFO: Getting car name: 2020 Tesla Model 3
2020-08-21 14:09:04 INFO: Getting odometer: 7884
2020-08-21 14:09:17 INFO: Opened GUI application.
2020-08-21 14:09:30 INFO: Getting car name: 2018 Audi Q5
2020-08-21 14:09:30 INFO: Getting car name: 2020 Tesla Model 3
2020-08-21 14:09:30 INFO: Getting odometer: 7884
2020-08-21 14:11:30 INFO: Opened GUI application.
2020-08-21 14:11:34 WARNING: No input of password.
2020-08-21 14:11:38 WARNING: No input of username.
2020-08-21 14:12:51 INFO: Opened GUI application.
2020-08-21 14:12:58 INFO: Successfuly create account dd.
2020-08-21 14:12:59 INFO: Getting car name: 2018 Audi Q5
2020-08-21 14:12:59 INFO: Getting car name: 2020 Tesla Model 3
2020-08-21 14:12:59 INFO: Getting odometer: 7884
2020-08-21 14:13:07 INFO: Opened GUI application.
2020-08-21 14:13:13 INFO: Successfuly create account 'ff'.
2020-08-21 14:13:14 INFO: Getting car name: 2018 Audi Q5
2020-08-21 14:13:14 INFO: Getting car name: 2020 Tesla Model 3
2020-08-21 14:13:14 INFO: Getting odometer: 7884
2020-08-21 14:13:44 INFO: Opened GUI application.
2020-08-21 14:13:45 INFO: Getting car name: 2018 Audi Q5
2020-08-21 14:13:45 INFO: Getting car name: 2020 Tesla Model 3
2020-08-21 14:13:45 INFO: Getting odometer: 7884
2020-08-21 14:14:41 INFO: Opened GUI application.
2020-08-21 14:14:48 INFO: Successfuly create account 'c'.
2020-08-21 14:14:49 INFO: Getting car name: 2018 Audi Q5
2020-08-21 14:14:49 INFO: Getting car name: 2020 Tesla Model 3
2020-08-21 14:14:49 INFO: Getting odometer: 7884
2020-08-21 14:15:11 INFO: Opened GUI application.
2020-08-21 14:15:14 INFO: Getting car name: 2018 Audi Q5
2020-08-21 14:15:14 INFO: Getting car name: 2020 Tesla Model 3
2020-08-21 14:15:14 INFO: Getting odometer: 7884
2020-08-21 14:25:30 INFO: Opened GUI application.
2020-08-21 14:26:15 INFO: Opened GUI application.
2020-08-21 14:26:28 INFO: Successfuly create account 'H'.
2020-08-21 14:26:29 INFO: Getting car name: 2018 Audi Q5
2020-08-21 14:26:29 INFO: Getting car name: 2020 Tesla Model 3
2020-08-21 14:26:29 INFO: Getting odometer: 7884
2020-08-21 14:26:38 INFO: Opened GUI application.
2020-08-21 14:26:40 INFO: Getting car name: 2018 Audi Q5
2020-08-21 14:26:40 INFO: Getting car name: 2020 Tesla Model 3
2020-08-21 14:26:40 INFO: Getting odometer: 7884
2020-08-21 14:27:04 INFO: Opened GUI application.
2020-08-21 14:27:11 INFO: Getting car name: 2018 Audi Q5
2020-08-21 14:27:11 INFO: Getting car name: 2020 Tesla Model 3
2020-08-21 14:27:11 INFO: Getting odometer: 7884
2020-08-21 14:27:18 INFO: Opened GUI application.
2020-08-21 14:27:27 INFO: Successfuly create account 'f'.
2020-08-21 14:27:28 INFO: Getting car name: 2018 Audi Q5
2020-08-21 14:27:28 INFO: Getting car name: 2020 Tesla Model 3
2020-08-21 14:27:28 INFO: Getting odometer: 7884
2020-08-21 14:27:38 INFO: Opened GUI application.
2020-08-21 14:27:47 INFO: Successfuly create account 'd'.
2020-08-21 14:27:49 INFO: Getting car name: 2018 Audi Q5
2020-08-21 14:27:49 INFO: Getting car name: 2020 Tesla Model 3
2020-08-21 14:27:49 INFO: Getting odometer: 7884
2020-08-21 17:10:14 INFO: Opened GUI application.
2020-08-21 17:10:23 WARNING: No input of username.
2020-08-21 17:10:24 WARNING: No input of password.
2020-08-21 17:11:59 INFO: Opened GUI application.
2020-08-21 17:12:03 WARNING: No input of username.
2020-08-21 17:12:04 WARNING: No input of password.
2020-08-21 17:12:18 INFO: Opened GUI application.
2020-08-21 17:12:21 WARNING: No input of username.
2020-08-21 17:12:22 WARNING: No input of password.
2020-08-21 17:12:28 WARNING: No input of password.
2020-08-21 17:12:33 WARNING: No input of username.
2020-08-21 17:12:35 INFO: Getting car name: 2018 Audi Q5
2020-08-21 17:12:35 INFO: Getting car name: 2020 Tesla Model 3
2020-08-21 17:12:35 INFO: Getting odometer: 7884
2020-08-21 17:12:39 INFO: Opened GUI application.
2020-08-21 17:12:41 INFO: Getting car name: 2018 Audi Q5
2020-08-21 17:12:41 INFO: Getting car name: 2020 Tesla Model 3
2020-08-21 17:12:41 INFO: Getting odometer: 7884
2020-08-21 17:16:06 INFO: Opened GUI application.
2020-08-21 17:16:10 INFO: Getting car name: 2018 Audi Q5
2020-08-21 17:16:10 INFO: Getting car name: 2020 Tesla Model 3
2020-08-21 17:16:10 INFO: Getting odometer: 7884
2020-08-21 18:05:50 INFO: Opened GUI application.
2020-08-21 18:06:00 INFO: Successfuly create account 'f'.
2020-08-21 18:06:01 INFO: Getting car name: 2018 Audi Q5
2020-08-21 18:06:01 INFO: Getting car name: 2020 Tesla Model 3
2020-08-21 18:06:01 INFO: Getting odometer: 7884
2020-08-21 18:08:14 INFO: Opened GUI application.
2020-08-21 18:08:22 INFO: Successfuly create account 'f'.
2020-08-21 18:08:23 INFO: Getting car name: 2018 Audi Q5
2020-08-21 18:08:23 INFO: Getting car name: 2020 Tesla Model 3
2020-08-21 18:08:23 INFO: Getting odometer: 7884
2020-08-21 18:19:19 INFO: Opened GUI application.
2020-08-21 18:19:33 INFO: Opened GUI application.
2020-08-21 18:19:56 INFO: Opened GUI application.
2020-08-21 18:19:57 INFO: Getting car name: 2018 Audi Q5
2020-08-21 18:19:57 INFO: Getting car name: 2020 Tesla Model 3
2020-08-21 18:19:57 INFO: Getting odometer: 7884
2020-08-21 18:20:20 INFO: Opened GUI application.
2020-08-21 18:20:21 INFO: Getting car name: 2018 Audi Q5
2020-08-21 18:20:21 INFO: Getting car name: 2020 Tesla Model 3
2020-08-21 18:20:21 INFO: Getting odometer: 7884
2020-08-21 18:21:22 INFO: Opened GUI application.
2020-08-21 18:21:28 INFO: Opened GUI application.
2020-08-21 18:21:29 INFO: Getting car name: 2018 Audi Q5
2020-08-21 18:21:29 INFO: Getting car name: 2020 Tesla Model 3
2020-08-21 18:21:29 INFO: Getting odometer: 7884
2020-08-21 18:34:27 INFO: Opened GUI application.
2020-08-21 18:34:33 INFO: Getting car name: 2018 Audi Q5
2020-08-21 18:34:33 INFO: Getting car name: 2020 Tesla Model 3
2020-08-21 18:34:33 INFO: Getting odometer: 7884
2020-08-21 19:05:38 INFO: Opened GUI application.
2020-08-21 19:05:45 INFO: Getting car name: 2018 Audi Q5
2020-08-21 19:05:45 INFO: Getting car name: 2020 Tesla Model 3
2020-08-21 19:05:45 INFO: Getting odometer: 7884
2020-08-21 19:06:11 INFO: Opened GUI application.
2020-08-21 19:06:16 INFO: Getting car name: 2018 Audi Q5
2020-08-21 19:06:16 INFO: Getting car name: 2020 Tesla Model 3
2020-08-21 19:06:16 INFO: Getting odometer: 7884
2020-08-21 19:07:05 INFO: Opened GUI application.
2020-08-21 19:07:11 INFO: Getting car name: 2018 Audi Q5
2020-08-21 19:07:11 INFO: Getting car name: 2020 Tesla Model 3
2020-08-21 19:07:11 INFO: Getting odometer: 7884
2020-08-21 19:07:44 INFO: Opened GUI application.
2020-08-21 19:07:50 INFO: Getting car name: 2018 Audi Q5
2020-08-21 19:07:50 INFO: Getting car name: 2020 Tesla Model 3
2020-08-21 19:07:50 INFO: Getting odometer: 7884
2020-08-21 19:10:05 INFO: Opened GUI application.
2020-08-21 19:10:11 INFO: Getting car name: 2018 Audi Q5
2020-08-21 19:10:11 INFO: Getting car name: 2020 Tesla Model 3
2020-08-21 19:10:11 INFO: Getting odometer: 7884
2020-08-21 20:07:45 INFO: Opened GUI application.
2020-08-21 20:07:49 WARNING: No input of username.
2020-08-21 20:07:49 WARNING: No input of password.
2020-08-21 20:07:54 INFO: Successfuly create account 'd'.
2020-08-21 20:22:08 INFO: Opened GUI application.
2020-08-21 20:22:12 INFO: Getting car name: 2018 Audi Q5
2020-08-21 20:22:12 INFO: Getting car name: 2020 Tesla Model 3
2020-08-21 20:22:12 INFO: Getting odometer: 7884
2020-08-21 20:25:20 INFO: Opened GUI application.
2020-08-21 20:25:25 INFO: Getting car name: 2018 Audi Q5
2020-08-21 20:25:25 INFO: Getting car name: 2020 Tesla Model 3
2020-08-21 20:25:25 INFO: Getting odometer: 7884
2020-08-21 20:26:31 INFO: Opened GUI application.
2020-08-21 20:26:35 INFO: Getting car name: 2018 Audi Q5
2020-08-21 20:26:35 INFO: Getting car name: 2020 Tesla Model 3
2020-08-21 20:26:35 INFO: Getting odometer: 7884
2020-08-21 20:27:18 INFO: Opened GUI application.
2020-08-21 20:27:23 INFO: Getting car name: 2018 Audi Q5
2020-08-21 20:27:23 INFO: Getting car name: 2020 Tesla Model 3
2020-08-21 20:27:23 INFO: Getting odometer: 7884
2020-08-21 20:28:15 INFO: Opened GUI application.
2020-08-21 20:28:21 INFO: Getting car name: 2018 Audi Q5
2020-08-21 20:28:21 INFO: Getting car name: 2020 Tesla Model 3
2020-08-21 20:28:21 INFO: Getting odometer: 7884
2020-08-21 20:30:23 INFO: Opened GUI application.
2020-08-21 20:30:28 INFO: Getting car name: 2018 Audi Q5
2020-08-21 20:30:28 INFO: Getting car name: 2020 Tesla Model 3
2020-08-21 20:30:28 INFO: Getting odometer: 7884
2020-08-21 20:30:58 INFO: Opened GUI application.
2020-08-21 20:31:03 INFO: Successfuly create account 'd'.
2020-08-21 20:31:04 INFO: Getting car name: 2018 Audi Q5
2020-08-21 20:31:04 INFO: Getting car name: 2020 Tesla Model 3
2020-08-21 20:31:04 INFO: Getting odometer: 7884
2020-08-21 20:33:00 INFO: Opened GUI application.
2020-08-21 20:33:05 INFO: Successfuly create account 'd'.
2020-08-21 20:33:06 INFO: Getting car name: 2018 Audi Q5
2020-08-21 20:33:06 INFO: Getting car name: 2020 Tesla Model 3
2020-08-21 20:33:06 INFO: Getting odometer: 7884
2020-08-21 20:33:59 INFO: Opened GUI application.
2020-08-21 20:34:04 INFO: Successfuly create account 'd'.
2020-08-21 20:34:05 INFO: Getting car name: 2018 Audi Q5
2020-08-21 20:34:05 INFO: Getting car name: 2020 Tesla Model 3
2020-08-21 20:34:05 INFO: Getting odometer: 7884
2020-08-21 20:34:31 INFO: Opened GUI application.
2020-08-21 20:34:36 INFO: Successfuly create account 'd'.
2020-08-21 20:34:37 INFO: Getting car name: 2018 Audi Q5
2020-08-21 20:34:37 INFO: Getting car name: 2020 Tesla Model 3
2020-08-21 20:34:37 INFO: Getting odometer: 7884
2020-08-21 20:35:00 INFO: Opened GUI application.
2020-08-21 20:35:05 INFO: Successfuly create account 'd'.
2020-08-21 20:35:07 INFO: Getting car name: 2018 Audi Q5
2020-08-21 20:35:07 INFO: Getting car name: 2020 Tesla Model 3
2020-08-21 20:35:07 INFO: Getting odometer: 7884
2020-08-21 20:35:46 INFO: Opened GUI application.
2020-08-21 20:35:50 INFO: Successfuly create account 'd'.
2020-08-21 20:35:51 INFO: Getting car name: 2018 Audi Q5
2020-08-21 20:35:51 INFO: Getting car name: 2020 Tesla Model 3
2020-08-21 20:35:51 INFO: Getting odometer: 7884
2020-08-21 20:36:29 INFO: Opened GUI application.
2020-08-21 20:36:33 INFO: Successfuly create account 'f'.
2020-08-21 20:36:34 INFO: Getting car name: 2018 Audi Q5
2020-08-21 20:36:34 INFO: Getting car name: 2020 Tesla Model 3
2020-08-21 20:36:34 INFO: Getting odometer: 7884
2020-08-21 20:37:56 INFO: Opened GUI application.
2020-08-21 20:38:03 INFO: Successfuly create account 'd'.
2020-08-21 20:38:04 INFO: Getting car name: 2018 Audi Q5
2020-08-21 20:38:04 INFO: Getting car name: 2020 Tesla Model 3
2020-08-21 20:38:04 INFO: Getting odometer: 7884
2020-08-21 20:39:05 INFO: Opened GUI application.
2020-08-21 20:39:11 INFO: Successfuly create account 'd'.
2020-08-21 20:39:11 INFO: Getting car name: 2018 Audi Q5
2020-08-21 20:39:11 INFO: Getting car name: 2020 Tesla Model 3
2020-08-21 20:39:11 INFO: Getting odometer: 7884
2020-08-21 20:39:32 INFO: Opened GUI application.
2020-08-21 20:39:37 INFO: Successfuly create account 'c'.
2020-08-21 20:39:39 INFO: Getting car name: 2018 Audi Q5
2020-08-21 20:39:39 INFO: Getting car name: 2020 Tesla Model 3
2020-08-21 20:39:39 INFO: Getting odometer: 7884
2020-08-22 10:52:04 INFO: Opened GUI application.
2020-08-22 10:52:11 INFO: Successfuly create account 'f'.
2020-08-22 10:52:13 INFO: Getting car name: 2018 Audi Q5
2020-08-22 10:52:13 INFO: Getting car name: 2020 Tesla Model 3
2020-08-22 10:52:13 INFO: Getting odometer: 7884
2020-08-22 10:53:04 INFO: Opened GUI application.
2020-08-22 10:53:10 INFO: Successfuly create account 'd'.
2020-08-22 10:53:11 INFO: Getting car name: 2018 Audi Q5
2020-08-22 10:53:11 INFO: Getting car name: 2020 Tesla Model 3
2020-08-22 10:53:11 INFO: Getting odometer: 7884
2020-08-22 10:53:29 INFO: Opened GUI application.
2020-08-22 10:53:39 INFO: Successfuly create account 'f'.
2020-08-22 10:53:40 INFO: Getting car name: 2018 Audi Q5
2020-08-22 10:53:40 INFO: Getting car name: 2020 Tesla Model 3
2020-08-22 10:53:40 INFO: Getting odometer: 7884
2020-08-22 10:54:51 INFO: Opened GUI application.
2020-08-22 10:54:56 INFO: Getting car name: 2018 Audi Q5
2020-08-22 10:54:56 INFO: Getting car name: 2020 Tesla Model 3
2020-08-22 10:54:56 INFO: Getting odometer: 7884
2020-08-22 10:55:05 INFO: Opened GUI application.
2020-08-22 10:55:08 INFO: Getting car name: 2018 Audi Q5
2020-08-22 10:55:08 INFO: Getting car name: 2020 Tesla Model 3
2020-08-22 10:55:08 INFO: Getting odometer: 7884
2020-08-22 10:55:15 INFO: Opened GUI application.
2020-08-22 10:55:20 INFO: Getting car name: 2018 Audi Q5
2020-08-22 10:55:20 INFO: Getting car name: 2020 Tesla Model 3
2020-08-22 10:55:20 INFO: Getting odometer: 7884
2020-08-22 10:55:33 INFO: Opened GUI application.
2020-08-22 10:55:42 INFO: Getting car name: 2018 Audi Q5
2020-08-22 10:55:42 INFO: Getting car name: 2020 Tesla Model 3
2020-08-22 10:55:42 INFO: Getting odometer: 7884
2020-08-22 10:55:49 INFO: Opened GUI application.
2020-08-22 10:55:53 INFO: Getting car name: 2018 Audi Q5
2020-08-22 10:55:53 INFO: Getting car name: 2020 Tesla Model 3
2020-08-22 10:55:53 INFO: Getting odometer: 7884
2020-08-22 10:56:01 INFO: Opened GUI application.
2020-08-22 10:56:06 INFO: Getting car name: 2018 Audi Q5
2020-08-22 10:56:07 INFO: Getting car name: 2020 Tesla Model 3
2020-08-22 10:56:07 INFO: Getting odometer: 7884
2020-08-22 10:56:19 INFO: Opened GUI application.
2020-08-22 10:56:36 INFO: Opened GUI application.
2020-08-22 10:56:44 INFO: Getting car name: 2018 Audi Q5
2020-08-22 10:56:44 INFO: Getting car name: 2020 Tesla Model 3
2020-08-22 10:56:44 INFO: Getting odometer: 7884
2020-08-22 10:57:04 INFO: Opened GUI application.
2020-08-22 10:57:11 INFO: Getting car name: 2018 Audi Q5
2020-08-22 10:57:11 INFO: Getting car name: 2020 Tesla Model 3
2020-08-22 10:57:11 INFO: Getting odometer: 7884
2020-08-22 10:57:35 INFO: Opened GUI application.
2020-08-22 10:57:41 INFO: Getting car name: 2018 Audi Q5
2020-08-22 10:57:41 INFO: Getting car name: 2020 Tesla Model 3
2020-08-22 10:57:41 INFO: Getting odometer: 7884
2020-08-22 10:57:55 INFO: Opened GUI application.
2020-08-22 10:58:01 INFO: Getting car name: 2018 Audi Q5
2020-08-22 10:58:01 INFO: Getting car name: 2020 Tesla Model 3
2020-08-22 10:58:01 INFO: Getting odometer: 7884
2020-08-22 10:58:07 INFO: Opened GUI application.
2020-08-22 10:58:15 INFO: Getting car name: 2018 Audi Q5
2020-08-22 10:58:15 INFO: Getting car name: 2020 Tesla Model 3
2020-08-22 10:58:15 INFO: Getting odometer: 7884
2020-08-22 10:58:46 INFO: Opened GUI application.
2020-08-22 10:58:52 INFO: Getting car name: 2018 Audi Q5
2020-08-22 10:58:52 INFO: Getting car name: 2020 Tesla Model 3
2020-08-22 10:58:52 INFO: Getting odometer: 7884
2020-08-22 10:59:09 INFO: Opened GUI application.
2020-08-22 10:59:15 INFO: Getting car name: 2018 Audi Q5
2020-08-22 10:59:15 INFO: Getting car name: 2020 Tesla Model 3
2020-08-22 10:59:15 INFO: Getting odometer: 7884
2020-08-22 10:59:28 INFO: Opened GUI application.
2020-08-22 10:59:47 INFO: Getting car name: 2018 Audi Q5
2020-08-22 10:59:47 INFO: Getting car name: 2020 Tesla Model 3
2020-08-22 10:59:47 INFO: Getting odometer: 7884
2020-08-22 11:00:52 INFO: Opened GUI application.
2020-08-22 11:01:19 INFO: Getting car name: 2018 Audi Q5
2020-08-22 11:01:19 INFO: Getting car name: 2020 Tesla Model 3
2020-08-22 11:01:19 INFO: Getting odometer: 7884
2020-08-22 11:01:28 INFO: Opened GUI application.
2020-08-22 11:01:32 INFO: Getting car name: 2018 Audi Q5
2020-08-22 11:01:32 INFO: Getting car name: 2020 Tesla Model 3
2020-08-22 11:01:32 INFO: Getting odometer: 7884
2020-08-22 11:01:37 INFO: Opened GUI application.
2020-08-22 11:01:41 INFO: Getting car name: 2018 Audi Q5
2020-08-22 11:01:41 INFO: Getting car name: 2020 Tesla Model 3
2020-08-22 11:01:41 INFO: Getting odometer: 7884
2020-08-22 11:02:00 INFO: Opened GUI application.
2020-08-22 11:02:11 INFO: Getting car name: 2018 Audi Q5
2020-08-22 11:02:11 INFO: Getting car name: 2020 Tesla Model 3
2020-08-22 11:02:11 INFO: Getting odometer: 7884
2020-08-22 11:02:18 INFO: Opened GUI application.
2020-08-22 11:02:23 WARNING: No input of username.
2020-08-22 11:02:24 WARNING: No input of password.
2020-08-22 11:02:26 INFO: Getting car name: 2018 Audi Q5
2020-08-22 11:02:26 INFO: Getting car name: 2020 Tesla Model 3
2020-08-22 11:02:26 INFO: Getting odometer: 7884
2020-08-22 11:09:43 INFO: Opened GUI application.
2020-08-22 11:09:49 WARNING: No input of email.
2020-08-22 11:09:50 WARNING: No input of email.
2020-08-22 11:09:50 WARNING: No input of password.
2020-08-22 11:09:54 WARNING: No input of username.
2020-08-22 11:09:55 WARNING: No input of email.
2020-08-22 11:09:55 WARNING: No input of email.
2020-08-22 11:09:56 WARNING: No input of password.
2020-08-22 11:09:57 WARNING: Passwords are not the same.
2020-08-22 11:09:58 INFO: Getting car name: 2018 Audi Q5
2020-08-22 11:09:58 INFO: Getting car name: 2020 Tesla Model 3
2020-08-22 11:09:58 INFO: Getting odometer: 7884
2020-08-22 11:10:14 INFO: Opened GUI application.
2020-08-22 11:10:19 WARNING: No input of username.
2020-08-22 11:10:20 WARNING: No input of email.
2020-08-22 11:10:20 WARNING: No input of email.
2020-08-22 11:10:23 ERROR: Passwords are not the same.
2020-08-22 11:10:30 INFO: Opened GUI application.
2020-08-22 11:10:34 WARNING: No input of username.
2020-08-22 11:10:34 WARNING: No input of email.
2020-08-22 11:10:34 WARNING: No input of email.
2020-08-22 11:10:34 ERROR: Passwords are not the same.
2020-08-22 11:10:37 WARNING: No input of username.
2020-08-22 11:10:38 WARNING: No input of email.
2020-08-22 11:10:38 WARNING: No input of email.
2020-08-22 11:12:05 INFO: Opened GUI application.
2020-08-22 11:12:08 INFO: Getting car name: 2018 Audi Q5
2020-08-22 11:12:08 INFO: Getting car name: 2020 Tesla Model 3
2020-08-22 11:12:08 INFO: Getting odometer: 7884
2020-08-22 11:29:40 INFO: Opened GUI application.
2020-08-22 11:29:47 INFO: Getting car name: 2018 Audi Q5
2020-08-22 11:29:47 INFO: Getting car name: 2020 Tesla Model 3
2020-08-22 11:29:47 INFO: Getting odometer: 7884
2020-08-22 11:30:05 INFO: Opened GUI application.
2020-08-22 11:30:13 INFO: Successfuly create account 'f'.
2020-08-22 11:30:14 INFO: Getting car name: 2018 Audi Q5
2020-08-22 11:30:14 INFO: Getting car name: 2020 Tesla Model 3
2020-08-22 11:30:14 INFO: Getting odometer: 7884
2020-08-22 11:31:06 INFO: Opened GUI application.
2020-08-22 11:31:13 ERROR: Passwords are not the same.
2020-08-22 11:31:18 INFO: Successfuly create account 'f'.
2020-08-22 11:31:19 INFO: Getting car name: 2018 Audi Q5
2020-08-22 11:31:19 INFO: Getting car name: 2020 Tesla Model 3
2020-08-22 11:31:19 INFO: Getting odometer: 7884
2020-08-22 11:32:20 INFO: Opened GUI application.
2020-08-22 11:32:27 INFO: Successfuly create account 'd'.
2020-08-22 11:32:28 INFO: Getting car name: 2018 Audi Q5
2020-08-22 11:32:28 INFO: Getting car name: 2020 Tesla Model 3
2020-08-22 11:32:28 INFO: Getting odometer: 7884
2020-08-22 11:32:42 INFO: Opened GUI application.
2020-08-22 11:32:49 INFO: Successfuly create account 'd'.
2020-08-22 11:32:50 INFO: Getting car name: 2018 Audi Q5
2020-08-22 11:32:50 INFO: Getting car name: 2020 Tesla Model 3
2020-08-22 11:32:50 INFO: Getting odometer: 7884
2020-08-22 11:33:48 INFO: Opened GUI application.
2020-08-22 11:33:54 INFO: Successfuly create account 'd'.
2020-08-22 11:33:54 INFO: Getting car name: 2018 Audi Q5
2020-08-22 11:33:54 INFO: Getting car name: 2020 Tesla Model 3
2020-08-22 11:33:54 INFO: Getting odometer: 7884
2020-08-22 11:34:36 INFO: Opened GUI application.
2020-08-22 11:34:45 INFO: Getting car name: 2018 Audi Q5
2020-08-22 11:34:45 INFO: Getting car name: 2020 Tesla Model 3
2020-08-22 11:34:45 INFO: Getting odometer: 7884
2020-08-22 11:35:02 INFO: Opened GUI application.
2020-08-22 11:35:09 INFO: Getting car name: 2018 Audi Q5
2020-08-22 11:35:09 INFO: Getting car name: 2020 Tesla Model 3
2020-08-22 11:35:09 INFO: Getting odometer: 7884
2020-08-22 11:35:41 INFO: Opened GUI application.
2020-08-22 11:35:48 INFO: Getting car name: 2018 Audi Q5
2020-08-22 11:35:48 INFO: Getting car name: 2020 Tesla Model 3
2020-08-22 11:35:48 INFO: Getting odometer: 7884
2020-08-22 11:36:32 INFO: Opened GUI application.
2020-08-22 11:36:41 INFO: Successfuly create account 'd'.
2020-08-22 11:36:42 INFO: Getting car name: 2018 Audi Q5
2020-08-22 11:36:42 INFO: Getting car name: 2020 Tesla Model 3
2020-08-22 11:36:42 INFO: Getting odometer: 7884
2020-08-22 11:37:23 INFO: Opened GUI application.
2020-08-22 11:37:29 INFO: Getting car name: 2018 Audi Q5
2020-08-22 11:37:29 INFO: Getting car name: 2020 Tesla Model 3
2020-08-22 11:37:29 INFO: Getting odometer: 7884
2020-08-22 11:37:42 INFO: Opened GUI application.
2020-08-22 11:38:21 INFO: Opened GUI application.
2020-08-22 11:38:39 INFO: Getting car name: 2018 Audi Q5
2020-08-22 11:38:39 INFO: Getting car name: 2020 Tesla Model 3
2020-08-22 11:38:39 INFO: Getting odometer: 7884
2020-08-22 11:39:05 INFO: Opened GUI application.
2020-08-22 11:39:12 INFO: Successfuly create account 'f'.
2020-08-22 11:39:12 INFO: Getting car name: 2018 Audi Q5
2020-08-22 11:39:12 INFO: Getting car name: 2020 Tesla Model 3
2020-08-22 11:39:12 INFO: Getting odometer: 7884
2020-08-22 11:39:39 INFO: Opened GUI application.
2020-08-22 11:39:44 INFO: Successfuly create account 'f'.
2020-08-22 11:39:46 INFO: Getting car name: 2018 Audi Q5
2020-08-22 11:39:46 INFO: Getting car name: 2020 Tesla Model 3
2020-08-22 11:39:46 INFO: Getting odometer: 7884
2020-08-22 11:42:46 INFO: Opened GUI application.
2020-08-22 11:43:06 INFO: Getting car name: 2018 Audi Q5
2020-08-22 11:43:06 INFO: Getting car name: 2020 Tesla Model 3
2020-08-22 11:43:06 INFO: Getting odometer: 7884
2020-08-22 11:43:30 INFO: Opened GUI application.
2020-08-22 11:43:37 INFO: Successfuly create account 'f'.
2020-08-22 11:43:38 INFO: Getting car name: 2018 Audi Q5
2020-08-22 11:43:38 INFO: Getting car name: 2020 Tesla Model 3
2020-08-22 11:43:38 INFO: Getting odometer: 7884
2020-08-22 11:47:14 INFO: Opened GUI application.
2020-08-22 11:47:19 INFO: Successfuly create account 'd'.
2020-08-22 11:47:21 INFO: Getting car name: 2018 Audi Q5
2020-08-22 11:47:21 INFO: Getting car name: 2020 Tesla Model 3
2020-08-22 11:47:21 INFO: Getting odometer: 7884
2020-08-22 11:47:31 INFO: Opened GUI application.
2020-08-22 11:47:38 INFO: Getting car name: 2018 Audi Q5
2020-08-22 11:47:38 INFO: Getting car name: 2020 Tesla Model 3
2020-08-22 11:47:38 INFO: Getting odometer: 7884
2020-08-22 11:48:13 INFO: Opened GUI application.
2020-08-22 11:48:20 INFO: Successfuly create account 'd'.
2020-08-22 11:48:21 INFO: Getting car name: 2018 Audi Q5
2020-08-22 11:48:21 INFO: Getting car name: 2020 Tesla Model 3
2020-08-22 11:48:21 INFO: Getting odometer: 7884
2020-08-22 11:49:37 INFO: Opened GUI application.
2020-08-22 11:49:47 INFO: Successfuly create account 'f'.
2020-08-22 11:49:48 INFO: Getting car name: 2018 Audi Q5
2020-08-22 11:49:48 INFO: Getting car name: 2020 Tesla Model 3
2020-08-22 11:49:48 INFO: Getting odometer: 7884
2020-08-22 12:39:57 INFO: Opened GUI application.
2020-08-22 12:40:04 INFO: Getting car name: 2018 Audi Q5
2020-08-22 12:40:04 INFO: Getting car name: 2020 Tesla Model 3
2020-08-22 12:40:04 INFO: Getting odometer: 7884
2020-08-22 12:41:02 INFO: Opened GUI application.
2020-08-22 12:41:08 INFO: Getting car name: 2018 Audi Q5
2020-08-22 12:41:08 INFO: Getting car name: 2020 Tesla Model 3
2020-08-22 12:41:08 INFO: Getting odometer: 7884
2020-08-22 12:42:52 INFO: Opened GUI application.
2020-08-22 12:42:57 INFO: Getting car name: 2018 Audi Q5
2020-08-22 12:42:58 INFO: Getting car name: 2020 Tesla Model 3
2020-08-22 12:42:58 INFO: Getting odometer: 7884
2020-08-22 12:43:19 INFO: Opened GUI application.
2020-08-22 12:43:20 INFO: Getting car name: 2018 Audi Q5
2020-08-22 12:43:20 INFO: Getting car name: 2020 Tesla Model 3
2020-08-22 12:43:20 INFO: Getting odometer: 7884
2020-08-22 12:43:24 INFO: Opened GUI application.
2020-08-22 12:43:31 INFO: Getting car name: 2018 Audi Q5
2020-08-22 12:43:31 INFO: Getting car name: 2020 Tesla Model 3
2020-08-22 12:43:31 INFO: Getting odometer: 7884
2020-08-22 12:46:34 INFO: Opened GUI application.
2020-08-22 12:46:41 INFO: Successfuly create account 'f'.
2020-08-22 12:46:42 INFO: Getting car name: 2018 Audi Q5
2020-08-22 12:46:42 INFO: Getting car name: 2020 Tesla Model 3
2020-08-22 12:46:42 INFO: Getting odometer: 7884
2020-08-22 12:47:13 INFO: Opened GUI application.
2020-08-22 12:47:18 INFO: Getting car name: 2018 Audi Q5
2020-08-22 12:47:18 INFO: Getting car name: 2020 Tesla Model 3
2020-08-22 12:47:18 INFO: Getting odometer: 7884
2020-08-22 12:47:27 INFO: Opened GUI application.
2020-08-22 12:47:32 INFO: Getting car name: 2018 Audi Q5
2020-08-22 12:47:32 INFO: Getting car name: 2020 Tesla Model 3
2020-08-22 12:47:33 INFO: Getting odometer: 7884
2020-08-22 12:48:16 INFO: Opened GUI application.
2020-08-22 12:48:23 INFO: Successfuly create account 'd'.
2020-08-22 12:48:24 INFO: Getting car name: 2018 Audi Q5
2020-08-22 12:48:24 INFO: Getting car name: 2020 Tesla Model 3
2020-08-22 12:48:24 INFO: Getting odometer: 7884
2020-08-22 12:49:53 INFO: Opened GUI application.
2020-08-22 12:49:57 INFO: Getting car name: 2018 Audi Q5
2020-08-22 12:49:57 INFO: Getting car name: 2020 Tesla Model 3
2020-08-22 12:49:57 INFO: Getting odometer: 7884
2020-08-22 12:50:04 INFO: Opened GUI application.
2020-08-22 12:50:07 INFO: Getting car name: 2018 Audi Q5
2020-08-22 12:50:07 INFO: Getting car name: 2020 Tesla Model 3
2020-08-22 12:50:07 INFO: Getting odometer: 7884
2020-08-22 12:50:11 INFO: Opened GUI application.
2020-08-22 12:50:16 INFO: Getting car name: 2018 Audi Q5
2020-08-22 12:50:16 INFO: Getting car name: 2020 Tesla Model 3
2020-08-22 12:50:16 INFO: Getting odometer: 7884
2020-08-22 12:50:27 INFO: Opened GUI application.
2020-08-22 12:50:33 INFO: Getting car name: 2018 Audi Q5
2020-08-22 12:50:34 INFO: Getting car name: 2020 Tesla Model 3
2020-08-22 12:50:34 INFO: Getting odometer: 7884
2020-08-22 12:51:02 INFO: Opened GUI application.
2020-08-22 12:51:08 INFO: Getting car name: 2018 Audi Q5
2020-08-22 12:51:08 INFO: Getting car name: 2020 Tesla Model 3
2020-08-22 12:51:08 INFO: Getting odometer: 7884
2020-08-22 13:09:58 INFO: Opened GUI application.
2020-08-22 13:10:16 INFO: Successfuly create account 'f'.
2020-08-22 13:10:18 INFO: Getting car name: 2018 Audi Q5
2020-08-22 13:10:18 INFO: Getting car name: 2020 Tesla Model 3
2020-08-22 13:10:18 INFO: Getting odometer: 7884
2020-08-22 13:10:27 INFO: Opened GUI application.
2020-08-22 13:10:47 INFO: Successfuly create account 's'.
2020-08-22 13:14:31 INFO: Opened GUI application.
2020-08-22 13:14:38 INFO: Successfuly create account 'd'.
2020-08-22 13:14:39 INFO: Getting car name: 2018 Audi Q5
2020-08-22 13:14:39 INFO: Getting car name: 2020 Tesla Model 3
2020-08-22 13:14:39 INFO: Getting odometer: 7884
2020-08-22 13:16:58 INFO: Opened GUI application.
2020-08-22 13:17:30 INFO: Getting car name: 2018 Audi Q5
2020-08-22 13:17:30 INFO: Getting car name: 2020 Tesla Model 3
2020-08-22 13:17:30 INFO: Getting odometer: 7884
2020-08-22 13:18:51 INFO: Opened GUI application.
2020-08-22 13:18:57 ERROR: Email 'f' is uncorrect.
2020-08-22 13:19:29 ERROR: Email 'jamespython@aliyun.com' is uncorrect.
2020-08-22 13:19:32 INFO: Getting car name: 2018 Audi Q5
2020-08-22 13:19:32 INFO: Getting car name: 2020 Tesla Model 3
2020-08-22 13:19:32 INFO: Getting odometer: 7884
2020-08-22 13:19:50 INFO: Opened GUI application.
2020-08-22 13:20:40 INFO: Opened GUI application.
2020-08-22 13:21:02 INFO: Successfuly create account 'd'.
2020-08-22 13:21:04 INFO: Getting car name: 2018 Audi Q5
2020-08-22 13:21:04 INFO: Getting car name: 2020 Tesla Model 3
2020-08-22 13:21:04 INFO: Getting odometer: 7884
2020-08-22 13:26:19 INFO: Opened GUI application.
2020-08-22 13:26:43 INFO: Successfuly create account 'v'.
2020-08-22 13:26:44 INFO: Getting car name: 2018 Audi Q5
2020-08-22 13:26:44 INFO: Getting car name: 2020 Tesla Model 3
2020-08-22 13:26:44 INFO: Getting odometer: 7884
2020-08-22 13:28:44 INFO: Opened GUI application.
2020-08-22 13:28:58 INFO: Successfuly create account 'd'.
2020-08-22 13:28:59 INFO: Getting car name: 2018 Audi Q5
2020-08-22 13:28:59 INFO: Getting car name: 2020 Tesla Model 3
2020-08-22 13:28:59 INFO: Getting odometer: 7884
2020-08-22 13:30:39 INFO: Opened GUI application.
2020-08-22 13:30:45 ERROR: Email 'g' is uncorrect.
2020-08-22 13:30:46 INFO: Getting car name: 2018 Audi Q5
2020-08-22 13:30:46 INFO: Getting car name: 2020 Tesla Model 3
2020-08-22 13:30:46 INFO: Getting odometer: 7884
2020-08-22 13:31:09 INFO: Opened GUI application.
2020-08-22 13:31:15 WARNING: No input of email.
2020-08-22 13:31:21 INFO: Successfuly create account 'f'.
2020-08-22 13:31:22 INFO: Getting car name: 2018 Audi Q5
2020-08-22 13:31:22 INFO: Getting car name: 2020 Tesla Model 3
2020-08-22 13:31:22 INFO: Getting odometer: 7884
2020-08-22 13:31:52 INFO: Opened GUI application.
2020-08-22 13:31:57 INFO: Successfuly create account 'f'.
2020-08-22 13:33:52 INFO: Opened GUI application.
2020-08-22 13:33:58 INFO: Successfuly create account 'f'.
2020-08-22 13:33:59 INFO: Getting car name: 2018 Audi Q5
2020-08-22 13:33:59 INFO: Getting car name: 2020 Tesla Model 3
2020-08-22 13:33:59 INFO: Getting odometer: 7884
2020-08-22 13:35:09 INFO: Opened GUI application.
2020-08-22 13:35:21 INFO: Successfuly create account 'f'.
2020-08-22 13:35:22 INFO: Getting car name: 2018 Audi Q5
2020-08-22 13:35:22 INFO: Getting car name: 2020 Tesla Model 3
2020-08-22 13:35:22 INFO: Getting odometer: 7884
2020-08-22 13:36:51 INFO: Opened GUI application.
2020-08-22 13:37:11 INFO: Successfuly create account 'd'.
2020-08-22 13:37:12 INFO: Getting car name: 2018 Audi Q5
2020-08-22 13:37:12 INFO: Getting car name: 2020 Tesla Model 3
2020-08-22 13:37:12 INFO: Getting odometer: 7884
2020-08-22 13:39:46 INFO: Opened GUI application.
2020-08-22 13:39:57 INFO: Successfuly create account 'f'.
2020-08-22 13:39:58 INFO: Getting car name: 2018 Audi Q5
2020-08-22 13:39:58 INFO: Getting car name: 2020 Tesla Model 3
2020-08-22 13:39:58 INFO: Getting odometer: 7884
2020-08-22 13:40:29 INFO: Opened GUI application.
2020-08-22 13:40:40 INFO: Successfuly create account 'd'.
2020-08-22 13:41:38 INFO: Opened GUI application.
2020-08-22 13:42:10 INFO: Successfuly create account 'd'.
2020-08-22 13:42:11 INFO: Getting car name: 2018 Audi Q5
2020-08-22 13:42:11 INFO: Getting car name: 2020 Tesla Model 3
2020-08-22 13:42:11 INFO: Getting odometer: 7884
2020-08-22 13:42:20 INFO: Opened GUI application.
2020-08-22 13:42:32 INFO: Successfuly create account 'd'.
2020-08-22 13:43:04 INFO: Opened GUI application.
2020-08-22 13:43:14 INFO: Successfuly create account 'f'.
2020-08-22 13:43:15 INFO: Getting car name: 2018 Audi Q5
2020-08-22 13:43:15 INFO: Getting car name: 2020 Tesla Model 3
2020-08-22 13:43:15 INFO: Getting odometer: 7884
2020-08-22 13:43:58 INFO: Opened GUI application.
2020-08-22 13:44:03 INFO: Successfuly create account 'd'.
2020-08-22 13:44:04 INFO: Getting car name: 2018 Audi Q5
2020-08-22 13:44:04 INFO: Getting car name: 2020 Tesla Model 3
2020-08-22 13:44:04 INFO: Getting odometer: 7884
2020-08-22 13:45:30 INFO: Opened GUI application.
2020-08-22 13:45:37 INFO: Successfuly create account 'd'.
2020-08-22 13:45:38 INFO: Getting car name: 2018 Audi Q5
2020-08-22 13:45:38 INFO: Getting car name: 2020 Tesla Model 3
2020-08-22 13:45:38 INFO: Getting odometer: 7884
2020-08-22 13:45:51 INFO: Opened GUI application.
2020-08-22 13:45:57 INFO: Successfuly create account 'd'.
2020-08-22 13:45:59 INFO: Getting car name: 2018 Audi Q5
2020-08-22 13:45:59 INFO: Getting car name: 2020 Tesla Model 3
2020-08-22 13:45:59 INFO: Getting odometer: 7884
2020-08-22 13:46:04 INFO: Opened GUI application.
2020-08-22 13:46:18 INFO: Successfuly create account 'd'.
2020-08-22 13:46:19 INFO: Getting car name: 2018 Audi Q5
2020-08-22 13:46:19 INFO: Getting car name: 2020 Tesla Model 3
2020-08-22 13:46:19 INFO: Getting odometer: 7884
2020-08-22 14:07:09 INFO: Opened GUI application.
2020-08-22 14:07:17 INFO: Successfuly create account 'd'.
2020-08-22 14:07:18 INFO: Getting car name: 2018 Audi Q5
2020-08-22 14:07:18 INFO: Getting car name: 2020 Tesla Model 3
2020-08-22 14:07:18 INFO: Getting odometer: 7884
2020-08-22 14:07:21 INFO: Opened GUI application.
2020-08-22 14:07:31 INFO: Successfuly create account 'd'.
2020-08-22 14:07:32 INFO: Getting car name: 2018 Audi Q5
2020-08-22 14:07:32 INFO: Getting car name: 2020 Tesla Model 3
2020-08-22 14:07:32 INFO: Getting odometer: 7884
2020-08-22 14:14:11 INFO: Opened GUI application.
2020-08-22 14:14:17 INFO: Successfuly create account 'd'.
2020-08-22 14:14:18 INFO: Getting car name: 2018 Audi Q5
2020-08-22 14:14:18 INFO: Getting car name: 2020 Tesla Model 3
2020-08-22 14:14:18 INFO: Getting odometer: 7884
2020-08-22 14:15:12 INFO: Opened GUI application.
2020-08-22 14:15:18 INFO: Successfuly create account 'd'.
2020-08-22 14:15:19 INFO: Getting car name: 2018 Audi Q5
2020-08-22 14:15:19 INFO: Getting car name: 2020 Tesla Model 3
2020-08-22 14:15:19 INFO: Getting odometer: 7884
2020-08-22 14:16:54 INFO: Opened GUI application.
2020-08-22 14:16:59 INFO: Successfuly create account 'f'.
2020-08-22 14:17:00 INFO: Getting car name: 2018 Audi Q5
2020-08-22 14:17:00 INFO: Getting car name: 2020 Tesla Model 3
2020-08-22 14:17:00 INFO: Getting odometer: 7884
2020-08-22 14:17:03 INFO: Opened GUI application.
2020-08-22 14:17:08 INFO: Successfuly create account 'd'.
2020-08-22 14:17:10 INFO: Getting car name: 2018 Audi Q5
2020-08-22 14:17:10 INFO: Getting car name: 2020 Tesla Model 3
2020-08-22 14:17:10 INFO: Getting odometer: 7884
2020-08-22 14:17:13 INFO: Opened GUI application.
2020-08-22 14:17:20 INFO: Successfuly create account 'f'.
2020-08-22 14:17:21 INFO: Getting car name: 2018 Audi Q5
2020-08-22 14:17:21 INFO: Getting car name: 2020 Tesla Model 3
2020-08-22 14:17:21 INFO: Getting odometer: 7884
2020-08-22 14:18:19 INFO: Opened GUI application.
2020-08-22 14:18:25 INFO: Successfuly create account 'd'.
2020-08-22 14:18:26 INFO: Getting car name: 2018 Audi Q5
2020-08-22 14:18:26 INFO: Getting car name: 2020 Tesla Model 3
2020-08-22 14:18:26 INFO: Getting odometer: 7884
2020-08-22 14:18:29 INFO: Opened GUI application.
2020-08-22 14:18:35 INFO: Successfuly create account 'd'.
2020-08-22 14:18:36 INFO: Getting car name: 2018 Audi Q5
2020-08-22 14:18:36 INFO: Getting car name: 2020 Tesla Model 3
2020-08-22 14:18:36 INFO: Getting odometer: 7884
2020-08-22 14:18:48 INFO: Opened GUI application.
2020-08-22 14:18:59 INFO: Successfuly create account 's'.
2020-08-22 14:19:00 INFO: Getting car name: 2018 Audi Q5
2020-08-22 14:19:00 INFO: Getting car name: 2020 Tesla Model 3
2020-08-22 14:19:00 INFO: Getting odometer: 7884
2020-08-22 14:20:34 INFO: Opened GUI application.
2020-08-22 14:20:39 INFO: Successfuly create account 'f'.
2020-08-22 14:23:32 INFO: Opened GUI application.
2020-08-22 14:23:35 INFO: Getting car name: 2018 Audi Q5
2020-08-22 14:23:35 INFO: Getting car name: 2020 Tesla Model 3
2020-08-22 14:23:35 INFO: Getting odometer: 7884
2020-08-22 14:24:12 INFO: Opened GUI application.
2020-08-22 14:24:19 INFO: Getting car name: 2018 Audi Q5
2020-08-22 14:24:20 INFO: Getting car name: 2020 Tesla Model 3
2020-08-22 14:24:20 INFO: Getting odometer: 7884
2020-08-22 14:29:50 INFO: Opened GUI application.
2020-08-22 14:30:00 INFO: Successfuly create account 'dd'.
2020-08-22 14:30:00 INFO: Getting car name: 2018 Audi Q5
2020-08-22 14:30:00 INFO: Getting car name: 2020 Tesla Model 3
2020-08-22 14:30:00 INFO: Getting odometer: 7884
2020-08-22 14:30:25 INFO: Opened GUI application.
2020-08-22 14:30:33 INFO: Successfuly create account 'ff'.
2020-08-22 14:30:37 INFO: Getting car name: 2018 Audi Q5
2020-08-22 14:30:37 INFO: Getting car name: 2020 Tesla Model 3
2020-08-22 14:30:37 INFO: Getting odometer: 7884
